<?xml version="1.0" encoding="UTF-8"?>
<!-- Generated by org.testng.reporters.JUnitReportReporter -->
<testsuite hostname="DESKTOP-N9KCLHQ" failures="0" tests="1" name="base.BaseClass" time="10.485" errors="0" timestamp="2024-08-03T11:40:15 IST" skipped="0">
  <testcase classname="base.BaseClass" name="setUP" time="10.485"/>
</testsuite> <!-- base.BaseClass -->
