<?xml version="1.0" encoding="UTF-8"?>
<!-- Generated by org.testng.reporters.JUnitReportReporter -->
<testsuite hostname="DESKTOP-N9KCLHQ" failures="0" tests="1" name="testcases.LoginTest_001" time="0.797" errors="0" timestamp="2024-08-28T12:54:40 IST" skipped="0">
  <testcase classname="testcases.LoginTest_001" name="using_static_data" time="0.797"/>
</testsuite> <!-- testcases.LoginTest_001 -->
