<?xml version="1.0" encoding="UTF-8"?>
<!-- Generated by org.testng.reporters.JUnitReportReporter -->
<testsuite hostname="DESKTOP-N9KCLHQ" failures="0" tests="1" name="testcases.Add_new_Customer_003" time="5.952" errors="0" timestamp="2024-08-05T16:28:21 IST" skipped="0">
  <testcase classname="testcases.Add_new_Customer_003" name="addnewCustomer" time="5.952"/>
</testsuite> <!-- testcases.Add_new_Customer_003 -->
